[debug] > Exec(early(addDefaultCommands), None, None)
[debug] > Exec(addDefaultCommands, None, None)
[debug] > Exec(early(initialize), None, None)
[debug] > Exec(initialize, None, None)
[debug] > Exec(early(addPluginSbtFile="""C:\Users\HIMANSHUU\AppData\Local\Temp\idea.sbt"""), None, None)
[debug] > Exec(addPluginSbtFile="""C:\Users\HIMANSHUU\AppData\Local\Temp\idea.sbt""", None, None)
[debug] > Exec(boot, None, None)
[debug] > Exec(writeSbtVersion, None, None)
[debug] > Exec(reload, None, None)
[debug] > Exec(sbtStashOnFailure, None, None)
[debug] > Exec(onFailure loadFailed, None, None)
[debug] > Exec(loadp, None, None)
[info] welcome to sbt 1.6.0 (Oracle Corporation Java 11.0.21)
[debug] Load.defaultLoad until apply took 397.6937ms
[debug]           Load.loadUnit: plugins took 87.9851ms
[debug]           Load.loadUnit: defsScala took 0.4704ms
[debug] [Loading] Scanning directory C:\Users\HIMANSHUU\IdeaProjects\ScalaSparkBeginnerToAdvanced\project
[debug]             Load.loadUnit: mkEval took 6.556ms
[debug] [Loading] Found non-root projects 
[debug] [Loading] Done in C:\Users\HIMANSHUU\IdeaProjects\ScalaSparkBeginnerToAdvanced\project, returning: ()
[debug] deducing auto plugins based on known facts Set(Atom(sbt.plugins.CorePlugin)) and clauses Clauses(Clause(Atom(sbt.plugins.JvmPlugin),Set(Atom(sbt.plugins.IvyPlugin)))
[debug] Clause(Atom(sbt.ScriptedPlugin),Set(Atom(sbt.plugins.JvmPlugin)))
[debug] Clause(Atom(sbt.plugins.SbtPlugin),Set(Atom(sbt.ScriptedPlugin)))
[debug] Clause(Atom(sbt.plugins.SemanticdbPlugin),Set(Atom(sbt.plugins.JvmPlugin)))
[debug] Clause(Atom(sbt.plugins.JUnitXmlReportPlugin),Set(Atom(sbt.plugins.JvmPlugin)))
[debug] Clause(Atom(sbt.plugins.MiniDependencyTreePlugin),Set(Atom(sbt.plugins.JvmPlugin)))
[debug] Clause(Atom(sbt.plugins.CorePlugin),Set(Atom(sbt.plugins.IvyPlugin)))
[debug] Clause(Atom(sbt.plugins.IvyPlugin),Set(Atom(sbt.plugins.JvmPlugin)))
[debug] Clause(Atom(sbt.plugins.JvmPlugin),Set(Atom(sbt.plugins.SemanticdbPlugin)))
[debug] Clause(Atom(sbt.plugins.JvmPlugin),Set(Atom(sbt.plugins.JUnitXmlReportPlugin)))
[debug] Clause(Atom(sbt.plugins.CorePlugin),Set(Atom(sbt.plugins.Giter8TemplatePlugin)))
[debug] Clause(Atom(sbt.plugins.JvmPlugin),Set(Atom(sbt.plugins.MiniDependencyTreePlugin))))
[debug]   :: deduced result: Matched(sbt.plugins.CorePlugin,sbt.plugins.Giter8TemplatePlugin,sbt.plugins.IvyPlugin,sbt.plugins.JvmPlugin,sbt.plugins.MiniDependencyTreePlugin,sbt.plugins.JUnitXmlReportPlugin,sbt.plugins.SemanticdbPlugin)
[debug] Plugins.deducer#function took 17.371701 ms
[info] loading settings for project scalasparkbeginnertoadvanced-build from plugins.sbt,idea.sbt ...
[debug]               Load.resolveProject(scalasparkbeginnertoadvanced-build) took 65.847499ms
[debug]             Load.loadTransitive: finalizeProject(Project(id scalasparkbeginnertoadvanced-build, base: C:\Users\HIMANSHUU\IdeaProjects\ScalaSparkBeginnerToAdvanced\project, plugins: List(<none>))) took 93.2438ms
[debug] [Loading] Done in C:\Users\HIMANSHUU\IdeaProjects\ScalaSparkBeginnerToAdvanced\project, returning: (scalasparkbeginnertoadvanced-build)
[debug]           Load.loadUnit: loadedProjectsRaw took 3407.138ms
[debug]           Load.loadUnit: cleanEvalClasses took 9.1725ms
[debug]         Load.loadUnit(file:/C:/Users/HIMANSHUU/IdeaProjects/ScalaSparkBeginnerToAdvanced/project/, ...) took 3511.408901ms
[debug]       Load.apply: load took 3684.7254ms
[debug]       Load.apply: resolveProjects took 4.6694ms
[debug]       Load.apply: finalTransforms took 78.238ms
[debug]       Load.apply: config.delegates took 8.1267ms
[debug]       Load.apply: Def.make(settings)... took 558.103399ms
[debug]       Load.apply: structureIndex took 187.3947ms
[debug]       Load.apply: mkStreams took 2.2244ms
[info] loading project definition from C:\Users\HIMANSHUU\IdeaProjects\ScalaSparkBeginnerToAdvanced\project
[debug] Running task... Cancel: Signal, check cycles: false, forcegc: true
[debug]     Load.loadUnit: plugins took 9083.044501ms
[debug]     Load.loadUnit: defsScala took 0.004201ms
[debug] [Loading] Scanning directory C:\Users\HIMANSHUU\IdeaProjects\ScalaSparkBeginnerToAdvanced
[debug]       Load.loadUnit: mkEval took 0.471801ms
[debug] [Loading] Found root project root w/ remaining 
[debug] deducing auto plugins based on known facts Set(Atom(sbtassembly.AssemblyPlugin), Atom(sbt.plugins.CorePlugin)) and clauses Clauses(Clause(Atom(sbt.plugins.JvmPlugin),Set(Atom(sbt.plugins.IvyPlugin)))
[debug] Clause(Atom(sbt.ScriptedPlugin),Set(Atom(sbt.plugins.JvmPlugin)))
[debug] Clause(Atom(sbt.plugins.SbtPlugin),Set(Atom(sbt.ScriptedPlugin)))
[debug] Clause(Atom(sbt.plugins.SemanticdbPlugin),Set(Atom(sbt.plugins.JvmPlugin)))
[debug] Clause(Atom(sbt.plugins.JUnitXmlReportPlugin),Set(Atom(sbt.plugins.JvmPlugin)))
[debug] Clause(Atom(sbt.plugins.MiniDependencyTreePlugin),Set(Atom(sbt.plugins.JvmPlugin)))
[debug] Clause(Atom(sbtassembly.AssemblyPlugin),Set(Atom(sbt.plugins.JvmPlugin)))
[debug] Clause(Atom(org.jetbrains.sbt.StructurePlugin),Set(Atom(sbt.plugins.JvmPlugin)))
[debug] Clause(Atom(org.jetbrains.sbt.IdeaShellPlugin),Set(Atom(sbt.plugins.JvmPlugin)))
[debug] Clause(Atom(org.jetbrains.sbt.indices.SbtIntellijIndicesPlugin),Set(Atom(sbt.plugins.JvmPlugin)))
[debug] Clause(Atom(sbt.plugins.CorePlugin),Set(Atom(sbt.plugins.IvyPlugin)))
[debug] Clause(Atom(sbt.plugins.IvyPlugin),Set(Atom(sbt.plugins.JvmPlugin)))
[debug] Clause(Atom(sbt.plugins.JvmPlugin),Set(Atom(sbt.plugins.SemanticdbPlugin)))
[debug] Clause(Atom(sbt.plugins.JvmPlugin),Set(Atom(sbt.plugins.JUnitXmlReportPlugin)))
[debug] Clause(Atom(sbt.plugins.CorePlugin),Set(Atom(sbt.plugins.Giter8TemplatePlugin)))
[debug] Clause(Atom(sbt.plugins.JvmPlugin),Set(Atom(sbt.plugins.MiniDependencyTreePlugin)))
[debug] Clause(Atom(sbt.plugins.JvmPlugin),Set(Atom(org.jetbrains.sbt.StructurePlugin)))
[debug] Clause(Atom(sbt.plugins.JvmPlugin),Set(Atom(org.jetbrains.sbt.IdeaShellPlugin)))
[debug] Clause(And(Set(Atom(sbt.plugins.CorePlugin), Atom(sbt.plugins.JvmPlugin))),Set(Atom(org.jetbrains.sbt.indices.SbtIntellijIndicesPlugin))))
[debug]   :: deduced result: Matched(sbt.plugins.CorePlugin,sbtassembly.AssemblyPlugin,sbt.plugins.Giter8TemplatePlugin,sbt.plugins.IvyPlugin,sbt.plugins.JvmPlugin,sbt.plugins.SemanticdbPlugin,org.jetbrains.sbt.indices.SbtIntellijIndicesPlugin,sbt.plugins.JUnitXmlReportPlugin,org.jetbrains.sbt.IdeaShellPlugin,org.jetbrains.sbt.StructurePlugin,sbt.plugins.MiniDependencyTreePlugin)
[debug] Plugins.deducer#function took 2.8434 ms
[info] loading settings for project root from build.sbt ...
[debug]         Load.resolveProject(root) took 30.6863ms
[debug]       Load.loadTransitive: finalizeProject(Project(id root, base: C:\Users\HIMANSHUU\IdeaProjects\ScalaSparkBeginnerToAdvanced, plugins: List(<none>))) took 35.9002ms
[debug] [Loading] Done in C:\Users\HIMANSHUU\IdeaProjects\ScalaSparkBeginnerToAdvanced, returning: (root)
[debug]     Load.loadUnit: loadedProjectsRaw took 3001.3891ms
[debug]     Load.loadUnit: cleanEvalClasses took 9.7193ms
[debug]   Load.loadUnit(file:/C:/Users/HIMANSHUU/IdeaProjects/ScalaSparkBeginnerToAdvanced/, ...) took 12095.4917ms
[debug] Load.apply: load took 12110.1568ms
[debug] Load.apply: resolveProjects took 0.0996ms
[debug] Load.apply: finalTransforms took 33.2373ms
[debug] Load.apply: config.delegates took 0.3544ms
[debug] Load.apply: Def.make(settings)... took 84.165ms
[debug] Load.apply: structureIndex took 27.371499ms
[debug] Load.apply: mkStreams took 0.002701ms
[info] set current project to ScalaBasics (in build file:/C:/Users/HIMANSHUU/IdeaProjects/ScalaSparkBeginnerToAdvanced/)
[debug] > Exec(sbtPopOnFailure, None, None)
[debug] > Exec(resumeFromFailure, None, None)
[debug] > Exec(notifyUsersAboutShell, None, None)
[debug] > Exec(iflast shell, None, None)
[debug] > Exec(; set ideaPort in Global := 54162 ; idea-shell, None, None)
[debug] > Exec(set ideaPort in Global := 54162, None, None)
[info] Defining Global / ideaPort
[info] The new value will be used by Compile / compile, Test / compile
[debug] Defining 
[debug] 	Global / ideaPort
[debug] 
[debug] The new value will be used by 
[debug] 	Compile / compile
[debug] 	Test / compile
[info] Reapplying settings...
[info] set current project to ScalaBasics (in build file:/C:/Users/HIMANSHUU/IdeaProjects/ScalaSparkBeginnerToAdvanced/)
[debug] > Exec(idea-shell, None, None)
